2020-04-11 08:29:31.558 INFO [main] [com.stepdefinition.RegisterStep] [user_launchs_the_chrome_browser] [com.stepdefinition.RegisterStep.user_launchs_the_chrome_browser(RegisterStep.java:25)] - Browser is lunched
2020-04-11 08:29:32.361 INFO [main] [com.stepdefinition.RegisterStep] [user_opens_the_naukri_homepage] [com.stepdefinition.RegisterStep.user_opens_the_naukri_homepage(RegisterStep.java:32)] - naukri home page is opened
2020-04-11 08:29:37.167 INFO [main] [com.stepdefinition.RegisterStep] [user_opens_the_naukri_homepage] [com.stepdefinition.RegisterStep.user_opens_the_naukri_homepage(RegisterStep.java:35)] - Register page is opened
2020-04-11 08:29:37.997 INFO [main] [com.stepdefinition.RegisterStep] [enter_valid_details_for_register] [com.stepdefinition.RegisterStep.enter_valid_details_for_register(RegisterStep.java:46)] - entered name,emaild and password
2020-04-11 08:29:40.642 INFO [main] [com.stepdefinition.RegisterStep] [enter_valid_details_for_register] [com.stepdefinition.RegisterStep.enter_valid_details_for_register(RegisterStep.java:51)] - ScreenShot taken
2020-04-11 08:30:00.276 INFO [main] [com.stepdefinition.LoginStep] [user_already_launchs_the_chrome] [com.stepdefinition.LoginStep.user_already_launchs_the_chrome(LoginStep.java:26)] - chrome is launched
2020-04-11 08:30:00.281 INFO [main] [com.stepdefinition.LoginStep] [user_already_opens_naukri_homepage] [com.stepdefinition.LoginStep.user_already_opens_naukri_homepage(LoginStep.java:33)] - naukri home page is opened
2020-04-11 08:30:00.543 INFO [main] [com.stepdefinition.LoginStep] [user_already_opens_naukri_homepage] [com.stepdefinition.LoginStep.user_already_opens_naukri_homepage(LoginStep.java:36)] - login page is opened
2020-04-11 08:30:02.261 INFO [main] [com.stepdefinition.LoginStep] [user_enter_and_to_open_login_page] [com.stepdefinition.LoginStep.user_enter_and_to_open_login_page(LoginStep.java:46)] - entered username and password
2020-04-11 08:30:08.254 INFO [main] [com.stepdefinition.LoginStep] [submit_the_login_button] [com.stepdefinition.LoginStep.submit_the_login_button(LoginStep.java:59)] - ScreenShot taken
2020-04-11 08:30:24.205 INFO [main] [com.stepdefinition.LoginStep] [user_already_launchs_the_chrome] [com.stepdefinition.LoginStep.user_already_launchs_the_chrome(LoginStep.java:26)] - chrome is launched
2020-04-11 08:30:24.207 INFO [main] [com.stepdefinition.LoginStep] [user_already_opens_naukri_homepage] [com.stepdefinition.LoginStep.user_already_opens_naukri_homepage(LoginStep.java:33)] - naukri home page is opened
2020-04-11 08:30:24.476 INFO [main] [com.stepdefinition.LoginStep] [user_already_opens_naukri_homepage] [com.stepdefinition.LoginStep.user_already_opens_naukri_homepage(LoginStep.java:36)] - login page is opened
2020-04-11 08:30:25.340 INFO [main] [com.stepdefinition.LoginStep] [user_enter_and_to_open_login_page] [com.stepdefinition.LoginStep.user_enter_and_to_open_login_page(LoginStep.java:46)] - entered username and password
2020-04-11 08:30:31.123 INFO [main] [com.stepdefinition.LoginStep] [submit_the_login_button] [com.stepdefinition.LoginStep.submit_the_login_button(LoginStep.java:59)] - ScreenShot taken
2020-04-11 08:30:44.629 INFO [main] [com.stepdefinition.AdvanceJobSearchStep] [user_already_on_chrome] [com.stepdefinition.AdvanceJobSearchStep.user_already_on_chrome(AdvanceJobSearchStep.java:23)] - chrome is launched
2020-04-11 08:30:44.634 INFO [main] [com.stepdefinition.AdvanceJobSearchStep] [user_go_to_naukri_homepage] [com.stepdefinition.AdvanceJobSearchStep.user_go_to_naukri_homepage(AdvanceJobSearchStep.java:30)] - naukri home page is opened
2020-04-11 08:30:59.454 INFO [main] [com.stepdefinition.AdvanceJobSearchStep] [user_go_to_search_page_and_search_for_the_jobs] [com.stepdefinition.AdvanceJobSearchStep.user_go_to_search_page_and_search_for_the_jobs(AdvanceJobSearchStep.java:39)] - jobs page is opened
2020-04-11 08:31:00.074 INFO [main] [com.stepdefinition.AdvanceJobSearchStep] [user_go_to_search_page_and_search_for_the_jobs] [com.stepdefinition.AdvanceJobSearchStep.user_go_to_search_page_and_search_for_the_jobs(AdvanceJobSearchStep.java:43)] - ScreenShot taken
2020-04-11 08:31:15.246 INFO [main] [com.stepdefinition.CompaniesStep] [user_is_on_chrome] [com.stepdefinition.CompaniesStep.user_is_on_chrome(CompaniesStep.java:24)] - chrome is launched
2020-04-11 08:31:15.253 INFO [main] [com.stepdefinition.CompaniesStep] [user_opens_Naukri_homepage] [com.stepdefinition.CompaniesStep.user_opens_Naukri_homepage(CompaniesStep.java:30)] - naukri homepage is opened
2020-04-11 08:31:22.255 INFO [main] [com.stepdefinition.CompaniesStep] [user_enter_into_companies] [com.stepdefinition.CompaniesStep.user_enter_into_companies(CompaniesStep.java:38)] - comapnies page is opened
2020-04-11 08:31:26.792 INFO [main] [com.stepdefinition.CompaniesStep] [user_enter_into_companies] [com.stepdefinition.CompaniesStep.user_enter_into_companies(CompaniesStep.java:42)] - ScreenShot taken
2020-04-11 08:31:42.271 INFO [main] [com.stepdefinition.HomeCalculatorStep] [user_launchs_the_chrome] [com.stepdefinition.HomeCalculatorStep.user_launchs_the_chrome(HomeCalculatorStep.java:24)] - chrome is launched
2020-04-11 08:31:42.273 INFO [main] [com.stepdefinition.HomeCalculatorStep] [user_enters_naukri_homepage] [com.stepdefinition.HomeCalculatorStep.user_enters_naukri_homepage(HomeCalculatorStep.java:30)] - naukri homepage is opened
2020-04-11 08:31:54.345 INFO [main] [com.stepdefinition.HomeCalculatorStep] [user_enters_home_calculator_page] [com.stepdefinition.HomeCalculatorStep.user_enters_home_calculator_page(HomeCalculatorStep.java:38)] - HomeCalculator page is opened
2020-04-11 08:31:55.113 INFO [main] [com.stepdefinition.HomeCalculatorStep] [user_enters_home_calculator_page] [com.stepdefinition.HomeCalculatorStep.user_enters_home_calculator_page(HomeCalculatorStep.java:42)] - ScreenShot taken
2020-04-11 08:35:21.490 INFO [main] [com.stepdefinition.LoginStep] [user_already_launchs_the_chrome] [com.stepdefinition.LoginStep.user_already_launchs_the_chrome(LoginStep.java:26)] - chrome is launched
2020-04-11 08:35:21.507 INFO [main] [com.stepdefinition.LoginStep] [user_already_opens_naukri_homepage] [com.stepdefinition.LoginStep.user_already_opens_naukri_homepage(LoginStep.java:33)] - naukri home page is opened
2020-04-11 08:35:22.127 INFO [main] [com.stepdefinition.LoginStep] [user_already_opens_naukri_homepage] [com.stepdefinition.LoginStep.user_already_opens_naukri_homepage(LoginStep.java:36)] - login page is opened
2020-04-11 08:35:23.447 INFO [main] [com.stepdefinition.LoginStep] [user_enter_and_to_open_login_page] [com.stepdefinition.LoginStep.user_enter_and_to_open_login_page(LoginStep.java:46)] - entered username and password
2020-04-11 08:35:29.403 INFO [main] [com.stepdefinition.LoginStep] [submit_the_login_button] [com.stepdefinition.LoginStep.submit_the_login_button(LoginStep.java:59)] - ScreenShot taken for valid case
2020-04-11 08:35:30.124 INFO [main] [com.stepdefinition.LoginStep] [submit_the_login_button] [com.stepdefinition.LoginStep.submit_the_login_button(LoginStep.java:62)] - ScreenShot taken for invalid case
2020-04-11 08:35:45.857 INFO [main] [com.stepdefinition.LoginStep] [user_already_launchs_the_chrome] [com.stepdefinition.LoginStep.user_already_launchs_the_chrome(LoginStep.java:26)] - chrome is launched
2020-04-11 08:35:45.861 INFO [main] [com.stepdefinition.LoginStep] [user_already_opens_naukri_homepage] [com.stepdefinition.LoginStep.user_already_opens_naukri_homepage(LoginStep.java:33)] - naukri home page is opened
2020-04-11 08:35:46.030 INFO [main] [com.stepdefinition.LoginStep] [user_already_opens_naukri_homepage] [com.stepdefinition.LoginStep.user_already_opens_naukri_homepage(LoginStep.java:36)] - login page is opened
2020-04-11 08:35:46.768 INFO [main] [com.stepdefinition.LoginStep] [user_enter_and_to_open_login_page] [com.stepdefinition.LoginStep.user_enter_and_to_open_login_page(LoginStep.java:46)] - entered username and password
2020-04-11 08:35:52.400 INFO [main] [com.stepdefinition.LoginStep] [submit_the_login_button] [com.stepdefinition.LoginStep.submit_the_login_button(LoginStep.java:59)] - ScreenShot taken for valid case
2020-04-11 08:35:52.908 INFO [main] [com.stepdefinition.LoginStep] [submit_the_login_button] [com.stepdefinition.LoginStep.submit_the_login_button(LoginStep.java:62)] - ScreenShot taken for invalid case
2020-04-11 08:39:26.538 INFO [main] [com.stepdefinition.RegisterStep] [user_launchs_the_chrome_browser] [com.stepdefinition.RegisterStep.user_launchs_the_chrome_browser(RegisterStep.java:25)] - Browser is lunched
2020-04-11 08:39:26.559 INFO [main] [com.stepdefinition.RegisterStep] [user_opens_the_naukri_homepage] [com.stepdefinition.RegisterStep.user_opens_the_naukri_homepage(RegisterStep.java:32)] - naukri home page is opened
2020-04-11 08:39:30.890 INFO [main] [com.stepdefinition.RegisterStep] [user_opens_the_naukri_homepage] [com.stepdefinition.RegisterStep.user_opens_the_naukri_homepage(RegisterStep.java:35)] - Register page is opened
2020-04-11 08:39:31.584 INFO [main] [com.stepdefinition.RegisterStep] [enter_valid_details_for_register] [com.stepdefinition.RegisterStep.enter_valid_details_for_register(RegisterStep.java:46)] - entered name,emaild and password
2020-04-11 08:39:34.160 INFO [main] [com.stepdefinition.RegisterStep] [enter_valid_details_for_register] [com.stepdefinition.RegisterStep.enter_valid_details_for_register(RegisterStep.java:51)] - ScreenShot taken
2020-04-11 08:39:53.561 INFO [main] [com.stepdefinition.LoginStep] [user_already_launchs_the_chrome] [com.stepdefinition.LoginStep.user_already_launchs_the_chrome(LoginStep.java:26)] - chrome is launched
2020-04-11 08:39:53.565 INFO [main] [com.stepdefinition.LoginStep] [user_already_opens_naukri_homepage] [com.stepdefinition.LoginStep.user_already_opens_naukri_homepage(LoginStep.java:33)] - naukri home page is opened
2020-04-11 08:39:53.820 INFO [main] [com.stepdefinition.LoginStep] [user_already_opens_naukri_homepage] [com.stepdefinition.LoginStep.user_already_opens_naukri_homepage(LoginStep.java:36)] - login page is opened
2020-04-11 08:39:54.585 INFO [main] [com.stepdefinition.LoginStep] [user_enter_and_to_open_login_page] [com.stepdefinition.LoginStep.user_enter_and_to_open_login_page(LoginStep.java:46)] - entered username and password
2020-04-11 08:40:00.643 INFO [main] [com.stepdefinition.LoginStep] [submit_the_login_button] [com.stepdefinition.LoginStep.submit_the_login_button(LoginStep.java:59)] - ScreenShot taken for loginpage
2020-04-11 08:40:15.428 INFO [main] [com.stepdefinition.LoginStep] [user_already_launchs_the_chrome] [com.stepdefinition.LoginStep.user_already_launchs_the_chrome(LoginStep.java:26)] - chrome is launched
2020-04-11 08:40:15.431 INFO [main] [com.stepdefinition.LoginStep] [user_already_opens_naukri_homepage] [com.stepdefinition.LoginStep.user_already_opens_naukri_homepage(LoginStep.java:33)] - naukri home page is opened
2020-04-11 08:40:15.680 INFO [main] [com.stepdefinition.LoginStep] [user_already_opens_naukri_homepage] [com.stepdefinition.LoginStep.user_already_opens_naukri_homepage(LoginStep.java:36)] - login page is opened
2020-04-11 08:40:16.486 INFO [main] [com.stepdefinition.LoginStep] [user_enter_and_to_open_login_page] [com.stepdefinition.LoginStep.user_enter_and_to_open_login_page(LoginStep.java:46)] - entered username and password
2020-04-11 08:40:22.157 INFO [main] [com.stepdefinition.LoginStep] [submit_the_login_button] [com.stepdefinition.LoginStep.submit_the_login_button(LoginStep.java:59)] - ScreenShot taken for loginpage
2020-04-11 08:40:35.894 INFO [main] [com.stepdefinition.LoginStep] [user_already_launchs_the_chrome] [com.stepdefinition.LoginStep.user_already_launchs_the_chrome(LoginStep.java:26)] - chrome is launched
2020-04-11 08:40:35.897 INFO [main] [com.stepdefinition.LoginStep] [user_already_opens_naukri_homepage] [com.stepdefinition.LoginStep.user_already_opens_naukri_homepage(LoginStep.java:33)] - naukri home page is opened
2020-04-11 08:40:37.306 INFO [main] [com.stepdefinition.LoginStep] [user_already_opens_naukri_homepage] [com.stepdefinition.LoginStep.user_already_opens_naukri_homepage(LoginStep.java:36)] - login page is opened
2020-04-11 08:40:38.366 INFO [main] [com.stepdefinition.LoginStep] [user_enter_and_to_open_login_page] [com.stepdefinition.LoginStep.user_enter_and_to_open_login_page(LoginStep.java:46)] - entered username and password
2020-04-11 08:40:44.236 INFO [main] [com.stepdefinition.LoginStep] [submit_the_login_button] [com.stepdefinition.LoginStep.submit_the_login_button(LoginStep.java:59)] - ScreenShot taken for loginpage
2020-04-11 08:41:01.142 INFO [main] [com.stepdefinition.AdvanceJobSearchStep] [user_already_on_chrome] [com.stepdefinition.AdvanceJobSearchStep.user_already_on_chrome(AdvanceJobSearchStep.java:23)] - chrome is launched
2020-04-11 08:41:01.146 INFO [main] [com.stepdefinition.AdvanceJobSearchStep] [user_go_to_naukri_homepage] [com.stepdefinition.AdvanceJobSearchStep.user_go_to_naukri_homepage(AdvanceJobSearchStep.java:30)] - naukri home page is opened
2020-04-11 08:41:16.392 INFO [main] [com.stepdefinition.AdvanceJobSearchStep] [user_go_to_search_page_and_search_for_the_jobs] [com.stepdefinition.AdvanceJobSearchStep.user_go_to_search_page_and_search_for_the_jobs(AdvanceJobSearchStep.java:39)] - jobs page is opened
2020-04-11 08:41:17.119 INFO [main] [com.stepdefinition.AdvanceJobSearchStep] [user_go_to_search_page_and_search_for_the_jobs] [com.stepdefinition.AdvanceJobSearchStep.user_go_to_search_page_and_search_for_the_jobs(AdvanceJobSearchStep.java:43)] - ScreenShot taken
2020-04-11 08:41:32.709 INFO [main] [com.stepdefinition.CompaniesStep] [user_is_on_chrome] [com.stepdefinition.CompaniesStep.user_is_on_chrome(CompaniesStep.java:24)] - chrome is launched
2020-04-11 08:41:32.713 INFO [main] [com.stepdefinition.CompaniesStep] [user_opens_Naukri_homepage] [com.stepdefinition.CompaniesStep.user_opens_Naukri_homepage(CompaniesStep.java:30)] - naukri homepage is opened
2020-04-11 08:41:40.274 INFO [main] [com.stepdefinition.CompaniesStep] [user_enter_into_companies] [com.stepdefinition.CompaniesStep.user_enter_into_companies(CompaniesStep.java:38)] - comapnies page is opened
2020-04-11 08:41:44.788 INFO [main] [com.stepdefinition.CompaniesStep] [user_enter_into_companies] [com.stepdefinition.CompaniesStep.user_enter_into_companies(CompaniesStep.java:42)] - ScreenShot taken
2020-04-11 08:42:00.541 INFO [main] [com.stepdefinition.HomeCalculatorStep] [user_launchs_the_chrome] [com.stepdefinition.HomeCalculatorStep.user_launchs_the_chrome(HomeCalculatorStep.java:24)] - chrome is launched
2020-04-11 08:42:00.543 INFO [main] [com.stepdefinition.HomeCalculatorStep] [user_enters_naukri_homepage] [com.stepdefinition.HomeCalculatorStep.user_enters_naukri_homepage(HomeCalculatorStep.java:30)] - naukri homepage is opened
2020-04-11 08:42:12.691 INFO [main] [com.stepdefinition.HomeCalculatorStep] [user_enters_home_calculator_page] [com.stepdefinition.HomeCalculatorStep.user_enters_home_calculator_page(HomeCalculatorStep.java:38)] - HomeCalculator page is opened
2020-04-11 08:42:13.417 INFO [main] [com.stepdefinition.HomeCalculatorStep] [user_enters_home_calculator_page] [com.stepdefinition.HomeCalculatorStep.user_enters_home_calculator_page(HomeCalculatorStep.java:42)] - ScreenShot taken
2020-04-11 08:45:58.007 INFO [main] [com.stepdefinition.RegisterStep] [user_launchs_the_chrome_browser] [com.stepdefinition.RegisterStep.user_launchs_the_chrome_browser(RegisterStep.java:25)] - Browser is lunched
2020-04-11 08:45:58.038 INFO [main] [com.stepdefinition.RegisterStep] [user_opens_the_naukri_homepage] [com.stepdefinition.RegisterStep.user_opens_the_naukri_homepage(RegisterStep.java:32)] - naukri home page is opened
2020-04-11 08:46:01.870 INFO [main] [com.stepdefinition.RegisterStep] [user_opens_the_naukri_homepage] [com.stepdefinition.RegisterStep.user_opens_the_naukri_homepage(RegisterStep.java:35)] - Register page is opened
2020-04-11 08:46:02.513 INFO [main] [com.stepdefinition.RegisterStep] [enter_valid_details_for_register] [com.stepdefinition.RegisterStep.enter_valid_details_for_register(RegisterStep.java:46)] - entered name,emaild and password
2020-04-11 08:46:04.959 INFO [main] [com.stepdefinition.RegisterStep] [enter_valid_details_for_register] [com.stepdefinition.RegisterStep.enter_valid_details_for_register(RegisterStep.java:51)] - ScreenShot taken
2020-04-11 08:46:22.792 INFO [main] [com.stepdefinition.LoginStep] [user_already_launchs_the_chrome] [com.stepdefinition.LoginStep.user_already_launchs_the_chrome(LoginStep.java:26)] - chrome is launched
2020-04-11 08:46:22.795 INFO [main] [com.stepdefinition.LoginStep] [user_already_opens_naukri_homepage] [com.stepdefinition.LoginStep.user_already_opens_naukri_homepage(LoginStep.java:33)] - naukri home page is opened
2020-04-11 08:46:23.010 INFO [main] [com.stepdefinition.LoginStep] [user_already_opens_naukri_homepage] [com.stepdefinition.LoginStep.user_already_opens_naukri_homepage(LoginStep.java:36)] - login page is opened
2020-04-11 08:46:23.799 INFO [main] [com.stepdefinition.LoginStep] [user_enter_and_to_open_login_page] [com.stepdefinition.LoginStep.user_enter_and_to_open_login_page(LoginStep.java:46)] - entered username and password
2020-04-11 08:46:29.583 INFO [main] [com.stepdefinition.LoginStep] [submit_the_login_button] [com.stepdefinition.LoginStep.submit_the_login_button(LoginStep.java:59)] - ScreenShot taken for loginpage
2020-04-11 08:46:44.323 INFO [main] [com.stepdefinition.LoginStep] [user_already_launchs_the_chrome] [com.stepdefinition.LoginStep.user_already_launchs_the_chrome(LoginStep.java:26)] - chrome is launched
2020-04-11 08:46:44.325 INFO [main] [com.stepdefinition.LoginStep] [user_already_opens_naukri_homepage] [com.stepdefinition.LoginStep.user_already_opens_naukri_homepage(LoginStep.java:33)] - naukri home page is opened
2020-04-11 08:46:44.648 INFO [main] [com.stepdefinition.LoginStep] [user_already_opens_naukri_homepage] [com.stepdefinition.LoginStep.user_already_opens_naukri_homepage(LoginStep.java:36)] - login page is opened
2020-04-11 08:46:45.565 INFO [main] [com.stepdefinition.LoginStep] [user_enter_and_to_open_login_page] [com.stepdefinition.LoginStep.user_enter_and_to_open_login_page(LoginStep.java:46)] - entered username and password
2020-04-11 08:46:51.392 INFO [main] [com.stepdefinition.LoginStep] [submit_the_login_button] [com.stepdefinition.LoginStep.submit_the_login_button(LoginStep.java:59)] - ScreenShot taken for loginpage
2020-04-11 08:47:04.363 INFO [main] [com.stepdefinition.LoginStep] [user_already_launchs_the_chrome] [com.stepdefinition.LoginStep.user_already_launchs_the_chrome(LoginStep.java:26)] - chrome is launched
2020-04-11 08:47:04.369 INFO [main] [com.stepdefinition.LoginStep] [user_already_opens_naukri_homepage] [com.stepdefinition.LoginStep.user_already_opens_naukri_homepage(LoginStep.java:33)] - naukri home page is opened
2020-04-11 08:47:05.166 INFO [main] [com.stepdefinition.LoginStep] [user_already_opens_naukri_homepage] [com.stepdefinition.LoginStep.user_already_opens_naukri_homepage(LoginStep.java:36)] - login page is opened
2020-04-11 08:47:05.949 INFO [main] [com.stepdefinition.LoginStep] [user_enter_and_to_open_login_page] [com.stepdefinition.LoginStep.user_enter_and_to_open_login_page(LoginStep.java:46)] - entered username and password
2020-04-11 08:47:11.695 INFO [main] [com.stepdefinition.LoginStep] [submit_the_login_button] [com.stepdefinition.LoginStep.submit_the_login_button(LoginStep.java:59)] - ScreenShot taken for loginpage
2020-04-11 08:47:25.935 INFO [main] [com.stepdefinition.AdvanceJobSearchStep] [user_already_on_chrome] [com.stepdefinition.AdvanceJobSearchStep.user_already_on_chrome(AdvanceJobSearchStep.java:23)] - chrome is launched
2020-04-11 08:47:25.938 INFO [main] [com.stepdefinition.AdvanceJobSearchStep] [user_go_to_naukri_homepage] [com.stepdefinition.AdvanceJobSearchStep.user_go_to_naukri_homepage(AdvanceJobSearchStep.java:30)] - naukri home page is opened
2020-04-11 08:47:42.982 INFO [main] [com.stepdefinition.AdvanceJobSearchStep] [user_go_to_search_page_and_search_for_the_jobs] [com.stepdefinition.AdvanceJobSearchStep.user_go_to_search_page_and_search_for_the_jobs(AdvanceJobSearchStep.java:39)] - jobs page is opened
2020-04-11 08:47:43.567 INFO [main] [com.stepdefinition.AdvanceJobSearchStep] [user_go_to_search_page_and_search_for_the_jobs] [com.stepdefinition.AdvanceJobSearchStep.user_go_to_search_page_and_search_for_the_jobs(AdvanceJobSearchStep.java:43)] - ScreenShot taken
2020-04-11 08:47:55.968 INFO [main] [com.stepdefinition.CompaniesStep] [user_is_on_chrome] [com.stepdefinition.CompaniesStep.user_is_on_chrome(CompaniesStep.java:24)] - chrome is launched
2020-04-11 08:47:55.973 INFO [main] [com.stepdefinition.CompaniesStep] [user_opens_Naukri_homepage] [com.stepdefinition.CompaniesStep.user_opens_Naukri_homepage(CompaniesStep.java:30)] - naukri homepage is opened
2020-04-11 08:48:03.245 INFO [main] [com.stepdefinition.CompaniesStep] [user_enter_into_companies] [com.stepdefinition.CompaniesStep.user_enter_into_companies(CompaniesStep.java:38)] - comapnies page is opened
2020-04-11 08:48:07.746 INFO [main] [com.stepdefinition.CompaniesStep] [user_enter_into_companies] [com.stepdefinition.CompaniesStep.user_enter_into_companies(CompaniesStep.java:42)] - ScreenShot taken
2020-04-11 08:48:21.554 INFO [main] [com.stepdefinition.HomeCalculatorStep] [user_launchs_the_chrome] [com.stepdefinition.HomeCalculatorStep.user_launchs_the_chrome(HomeCalculatorStep.java:24)] - chrome is launched
2020-04-11 08:48:21.557 INFO [main] [com.stepdefinition.HomeCalculatorStep] [user_enters_naukri_homepage] [com.stepdefinition.HomeCalculatorStep.user_enters_naukri_homepage(HomeCalculatorStep.java:30)] - naukri homepage is opened
2020-04-11 08:48:36.300 INFO [main] [com.stepdefinition.HomeCalculatorStep] [user_enters_home_calculator_page] [com.stepdefinition.HomeCalculatorStep.user_enters_home_calculator_page(HomeCalculatorStep.java:38)] - HomeCalculator page is opened
2020-04-11 08:48:37.152 INFO [main] [com.stepdefinition.HomeCalculatorStep] [user_enters_home_calculator_page] [com.stepdefinition.HomeCalculatorStep.user_enters_home_calculator_page(HomeCalculatorStep.java:42)] - ScreenShot taken
